{"D:\\baitapcode\\test\\myfrontendtest\\Frontend_tests\\components\\Button\\Button.js": {"path":"D:\\baitapcode\\test\\myfrontendtest\\Frontend_tests\\components\\Button\\Button.js","statementMap":{"0":{"start":{"line":3,"column":15},"end":{"line":13,"column":1}},"1":{"start":{"line":4,"column":1},"end":{"line":12,"column":3}}},"fnMap":{"0":{"name":"(anonymous_0)","decl":{"start":{"line":3,"column":15},"end":{"line":3,"column":16}},"loc":{"start":{"line":3,"column":26},"end":{"line":13,"column":1}},"line":3}},"branchMap":{},"s":{"0":2,"1":20},"f":{"0":20},"b":{},"_coverageSchema":"1a1c01bbd47fc00a2c39e90264f33305004495a9","hash":"0947c2288754cce7b0290677d390d8bead03782f"}
,"D:\\baitapcode\\test\\myfrontendtest\\Frontend_tests\\components\\CalculateLine\\Calculateline.js": {"path":"D:\\baitapcode\\test\\myfrontendtest\\Frontend_tests\\components\\CalculateLine\\Calculateline.js","statementMap":{"0":{"start":{"line":3,"column":22},"end":{"line":5,"column":1}},"1":{"start":{"line":4,"column":1},"end":{"line":4,"column":60}}},"fnMap":{"0":{"name":"(anonymous_0)","decl":{"start":{"line":3,"column":22},"end":{"line":3,"column":23}},"loc":{"start":{"line":3,"column":33},"end":{"line":5,"column":1}},"line":3}},"branchMap":{},"s":{"0":3,"1":1},"f":{"0":1},"b":{},"_coverageSchema":"1a1c01bbd47fc00a2c39e90264f33305004495a9","hash":"4453388512e1e7bab2ac85865e2323fee9d67960"}
,"D:\\baitapcode\\test\\myfrontendtest\\Frontend_tests\\components\\Row\\Row.js": {"path":"D:\\baitapcode\\test\\myfrontendtest\\Frontend_tests\\components\\Row\\Row.js","statementMap":{"0":{"start":{"line":3,"column":12},"end":{"line":5,"column":1}},"1":{"start":{"line":4,"column":1},"end":{"line":4,"column":64}}},"fnMap":{"0":{"name":"(anonymous_0)","decl":{"start":{"line":3,"column":12},"end":{"line":3,"column":13}},"loc":{"start":{"line":3,"column":23},"end":{"line":5,"column":1}},"line":3}},"branchMap":{},"s":{"0":2,"1":6},"f":{"0":6},"b":{},"_coverageSchema":"1a1c01bbd47fc00a2c39e90264f33305004495a9","hash":"b18d6cf55865f6181cddb082d14dbfd87556d484"}
,"D:\\baitapcode\\test\\myfrontendtest\\Frontend_tests\\pages\\Calculator\\Calculator.js": {"path":"D:\\baitapcode\\test\\myfrontendtest\\Frontend_tests\\pages\\Calculator\\Calculator.js","statementMap":{"0":{"start":{"line":11,"column":41},"end":{"line":11,"column":54}},"1":{"start":{"line":12,"column":37},"end":{"line":12,"column":49}},"2":{"start":{"line":13,"column":33},"end":{"line":13,"column":45}},"3":{"start":{"line":14,"column":31},"end":{"line":14,"column":43}},"4":{"start":{"line":15,"column":53},"end":{"line":15,"column":65}},"5":{"start":{"line":18,"column":1},"end":{"line":31,"column":8}},"6":{"start":{"line":19,"column":2},"end":{"line":23,"column":5}},"7":{"start":{"line":20,"column":3},"end":{"line":22,"column":4}},"8":{"start":{"line":21,"column":4},"end":{"line":21,"column":30}},"9":{"start":{"line":24,"column":2},"end":{"line":30,"column":4}},"10":{"start":{"line":25,"column":3},"end":{"line":29,"column":6}},"11":{"start":{"line":26,"column":4},"end":{"line":28,"column":5}},"12":{"start":{"line":27,"column":5},"end":{"line":27,"column":31}},"13":{"start":{"line":34,"column":17},"end":{"line":34,"column":39}},"14":{"start":{"line":36,"column":2},"end":{"line":48,"column":3}},"15":{"start":{"line":37,"column":3},"end":{"line":39,"column":4}},"16":{"start":{"line":38,"column":4},"end":{"line":38,"column":11}},"17":{"start":{"line":41,"column":3},"end":{"line":41,"column":27}},"18":{"start":{"line":43,"column":3},"end":{"line":47,"column":4}},"19":{"start":{"line":44,"column":4},"end":{"line":44,"column":32}},"20":{"start":{"line":46,"column":4},"end":{"line":46,"column":26}},"21":{"start":{"line":50,"column":2},"end":{"line":59,"column":3}},"22":{"start":{"line":51,"column":3},"end":{"line":55,"column":4}},"23":{"start":{"line":52,"column":4},"end":{"line":52,"column":28}},"24":{"start":{"line":54,"column":4},"end":{"line":54,"column":43}},"25":{"start":{"line":57,"column":3},"end":{"line":57,"column":49}},"26":{"start":{"line":58,"column":3},"end":{"line":58,"column":19}},"27":{"start":{"line":61,"column":2},"end":{"line":82,"column":3}},"28":{"start":{"line":62,"column":20},"end":{"line":62,"column":75}},"29":{"start":{"line":64,"column":25},"end":{"line":68,"column":4}},"30":{"start":{"line":69,"column":3},"end":{"line":69,"column":57}},"31":{"start":{"line":70,"column":3},"end":{"line":77,"column":5}},"32":{"start":{"line":78,"column":3},"end":{"line":78,"column":29}},"33":{"start":{"line":79,"column":3},"end":{"line":79,"column":32}},"34":{"start":{"line":80,"column":3},"end":{"line":80,"column":29}},"35":{"start":{"line":81,"column":3},"end":{"line":81,"column":10}},"36":{"start":{"line":86,"column":2},"end":{"line":86,"column":32}},"37":{"start":{"line":87,"column":2},"end":{"line":87,"column":23}},"38":{"start":{"line":88,"column":2},"end":{"line":88,"column":20}},"39":{"start":{"line":89,"column":2},"end":{"line":89,"column":18}},"40":{"start":{"line":93,"column":2},"end":{"line":93,"column":38}},"41":{"start":{"line":97,"column":27},"end":{"line":97,"column":75}},"42":{"start":{"line":99,"column":2},"end":{"line":99,"column":18}},"43":{"start":{"line":101,"column":2},"end":{"line":104,"column":3}},"44":{"start":{"line":102,"column":3},"end":{"line":102,"column":24}},"45":{"start":{"line":103,"column":3},"end":{"line":103,"column":10}},"46":{"start":{"line":106,"column":17},"end":{"line":106,"column":50}},"47":{"start":{"line":108,"column":2},"end":{"line":108,"column":26}},"48":{"start":{"line":109,"column":2},"end":{"line":109,"column":46}},"49":{"start":{"line":110,"column":2},"end":{"line":110,"column":60}},"50":{"start":{"line":114,"column":2},"end":{"line":114,"column":18}},"51":{"start":{"line":115,"column":2},"end":{"line":115,"column":31}},"52":{"start":{"line":118,"column":1},"end":{"line":248,"column":3}},"53":{"start":{"line":130,"column":8},"end":{"line":138,"column":10}},"54":{"start":{"line":136,"column":25},"end":{"line":136,"column":49}}},"fnMap":{"0":{"name":"Calculator","decl":{"start":{"line":10,"column":9},"end":{"line":10,"column":19}},"loc":{"start":{"line":10,"column":22},"end":{"line":249,"column":1}},"line":10},"1":{"name":"(anonymous_1)","decl":{"start":{"line":18,"column":11},"end":{"line":18,"column":12}},"loc":{"start":{"line":18,"column":17},"end":{"line":31,"column":2}},"line":18},"2":{"name":"(anonymous_2)","decl":{"start":{"line":19,"column":41},"end":{"line":19,"column":42}},"loc":{"start":{"line":19,"column":52},"end":{"line":23,"column":3}},"line":19},"3":{"name":"(anonymous_3)","decl":{"start":{"line":24,"column":9},"end":{"line":24,"column":10}},"loc":{"start":{"line":24,"column":15},"end":{"line":30,"column":3}},"line":24},"4":{"name":"(anonymous_4)","decl":{"start":{"line":25,"column":45},"end":{"line":25,"column":46}},"loc":{"start":{"line":25,"column":56},"end":{"line":29,"column":4}},"line":25},"5":{"name":"inputNumber","decl":{"start":{"line":33,"column":10},"end":{"line":33,"column":21}},"loc":{"start":{"line":33,"column":29},"end":{"line":83,"column":2}},"line":33},"6":{"name":"resetToZero","decl":{"start":{"line":85,"column":10},"end":{"line":85,"column":21}},"loc":{"start":{"line":85,"column":29},"end":{"line":90,"column":2}},"line":85},"7":{"name":"operationCalculator","decl":{"start":{"line":92,"column":10},"end":{"line":92,"column":29}},"loc":{"start":{"line":92,"column":37},"end":{"line":94,"column":2}},"line":92},"8":{"name":"calculateExpression","decl":{"start":{"line":96,"column":10},"end":{"line":96,"column":29}},"loc":{"start":{"line":96,"column":32},"end":{"line":111,"column":2}},"line":96},"9":{"name":"handleScreenClick","decl":{"start":{"line":113,"column":10},"end":{"line":113,"column":27}},"loc":{"start":{"line":113,"column":35},"end":{"line":116,"column":2}},"line":113},"10":{"name":"(anonymous_10)","decl":{"start":{"line":129,"column":35},"end":{"line":129,"column":36}},"loc":{"start":{"line":129,"column":54},"end":{"line":139,"column":8}},"line":129},"11":{"name":"(anonymous_11)","decl":{"start":{"line":136,"column":19},"end":{"line":136,"column":20}},"loc":{"start":{"line":136,"column":25},"end":{"line":136,"column":49}},"line":136}},"branchMap":{"0":{"loc":{"start":{"line":20,"column":3},"end":{"line":22,"column":4}},"type":"if","locations":[{"start":{"line":20,"column":3},"end":{"line":22,"column":4}},{"start":{},"end":{}}],"line":20},"1":{"loc":{"start":{"line":26,"column":4},"end":{"line":28,"column":5}},"type":"if","locations":[{"start":{"line":26,"column":4},"end":{"line":28,"column":5}},{"start":{},"end":{}}],"line":26},"2":{"loc":{"start":{"line":36,"column":2},"end":{"line":48,"column":3}},"type":"if","locations":[{"start":{"line":36,"column":2},"end":{"line":48,"column":3}},{"start":{},"end":{}}],"line":36},"3":{"loc":{"start":{"line":37,"column":3},"end":{"line":39,"column":4}},"type":"if","locations":[{"start":{"line":37,"column":3},"end":{"line":39,"column":4}},{"start":{},"end":{}}],"line":37},"4":{"loc":{"start":{"line":43,"column":3},"end":{"line":47,"column":4}},"type":"if","locations":[{"start":{"line":43,"column":3},"end":{"line":47,"column":4}},{"start":{"line":45,"column":10},"end":{"line":47,"column":4}}],"line":43},"5":{"loc":{"start":{"line":43,"column":7},"end":{"line":43,"column":41}},"type":"binary-expr","locations":[{"start":{"line":43,"column":7},"end":{"line":43,"column":23}},{"start":{"line":43,"column":27},"end":{"line":43,"column":41}}],"line":43},"6":{"loc":{"start":{"line":50,"column":2},"end":{"line":59,"column":3}},"type":"if","locations":[{"start":{"line":50,"column":2},"end":{"line":59,"column":3}},{"start":{},"end":{}}],"line":50},"7":{"loc":{"start":{"line":51,"column":3},"end":{"line":55,"column":4}},"type":"if","locations":[{"start":{"line":51,"column":3},"end":{"line":55,"column":4}},{"start":{"line":53,"column":10},"end":{"line":55,"column":4}}],"line":51},"8":{"loc":{"start":{"line":61,"column":2},"end":{"line":82,"column":3}},"type":"if","locations":[{"start":{"line":61,"column":2},"end":{"line":82,"column":3}},{"start":{},"end":{}}],"line":61},"9":{"loc":{"start":{"line":101,"column":2},"end":{"line":104,"column":3}},"type":"if","locations":[{"start":{"line":101,"column":2},"end":{"line":104,"column":3}},{"start":{},"end":{}}],"line":101},"10":{"loc":{"start":{"line":109,"column":16},"end":{"line":109,"column":44}},"type":"cond-expr","locations":[{"start":{"line":109,"column":33},"end":{"line":109,"column":35}},{"start":{"line":109,"column":38},"end":{"line":109,"column":44}}],"line":109}},"s":{"0":1,"1":1,"2":1,"3":1,"4":1,"5":1,"6":1,"7":0,"8":0,"9":1,"10":1,"11":0,"12":0,"13":0,"14":0,"15":0,"16":0,"17":0,"18":0,"19":0,"20":0,"21":0,"22":0,"23":0,"24":0,"25":0,"26":0,"27":0,"28":0,"29":0,"30":0,"31":0,"32":0,"33":0,"34":0,"35":0,"36":0,"37":0,"38":0,"39":0,"40":0,"41":0,"42":0,"43":0,"44":0,"45":0,"46":0,"47":0,"48":0,"49":0,"50":0,"51":0,"52":1,"53":1,"54":0},"f":{"0":1,"1":1,"2":0,"3":1,"4":0,"5":0,"6":0,"7":0,"8":0,"9":0,"10":1,"11":0},"b":{"0":[0,0],"1":[0,0],"2":[0,0],"3":[0,0],"4":[0,0],"5":[0,0],"6":[0,0],"7":[0,0],"8":[0,0],"9":[0,0],"10":[0,0]},"_coverageSchema":"1a1c01bbd47fc00a2c39e90264f33305004495a9","hash":"361b02d4e44e1892b7f99b1d9e8d67e697680088"}
,"D:\\baitapcode\\test\\myfrontendtest\\Frontend_tests\\pages\\History\\History.js": {"path":"D:\\baitapcode\\test\\myfrontendtest\\Frontend_tests\\pages\\History\\History.js","statementMap":{"0":{"start":{"line":5,"column":1},"end":{"line":5,"column":24}}},"fnMap":{"0":{"name":"History","decl":{"start":{"line":4,"column":9},"end":{"line":4,"column":16}},"loc":{"start":{"line":4,"column":19},"end":{"line":6,"column":1}},"line":4}},"branchMap":{},"s":{"0":1},"f":{"0":1},"b":{},"_coverageSchema":"1a1c01bbd47fc00a2c39e90264f33305004495a9","hash":"7aa2d02b493afa29f0de4619b35632bdd15750c8"}
,"D:\\baitapcode\\test\\myfrontendtest\\Frontend_tests\\pages\\History\\ShowHistory\\ShowHistory.js": {"path":"D:\\baitapcode\\test\\myfrontendtest\\Frontend_tests\\pages\\History\\ShowHistory\\ShowHistory.js","statementMap":{"0":{"start":{"line":6,"column":31},"end":{"line":6,"column":43}},"1":{"start":{"line":8,"column":1},"end":{"line":13,"column":8}},"2":{"start":{"line":9,"column":18},"end":{"line":9,"column":61}},"3":{"start":{"line":10,"column":2},"end":{"line":12,"column":3}},"4":{"start":{"line":11,"column":3},"end":{"line":11,"column":23}},"5":{"start":{"line":15,"column":1},"end":{"line":28,"column":3}},"6":{"start":{"line":20,"column":5},"end":{"line":24,"column":7}}},"fnMap":{"0":{"name":"ShowHistory","decl":{"start":{"line":5,"column":9},"end":{"line":5,"column":20}},"loc":{"start":{"line":5,"column":23},"end":{"line":29,"column":1}},"line":5},"1":{"name":"(anonymous_1)","decl":{"start":{"line":8,"column":11},"end":{"line":8,"column":12}},"loc":{"start":{"line":8,"column":17},"end":{"line":13,"column":2}},"line":8},"2":{"name":"(anonymous_2)","decl":{"start":{"line":19,"column":17},"end":{"line":19,"column":18}},"loc":{"start":{"line":19,"column":34},"end":{"line":25,"column":5}},"line":19}},"branchMap":{"0":{"loc":{"start":{"line":10,"column":2},"end":{"line":12,"column":3}},"type":"if","locations":[{"start":{"line":10,"column":2},"end":{"line":12,"column":3}},{"start":{},"end":{}}],"line":10}},"s":{"0":2,"1":2,"2":2,"3":2,"4":0,"5":2,"6":0},"f":{"0":2,"1":2,"2":0},"b":{"0":[0,2]},"_coverageSchema":"1a1c01bbd47fc00a2c39e90264f33305004495a9","hash":"ab1066a8dc6250ac8510459cf006399067199a58"}
,"D:\\baitapcode\\test\\myfrontendtest\\Frontend_tests\\utils\\utility.js": {"path":"D:\\baitapcode\\test\\myfrontendtest\\Frontend_tests\\utils\\utility.js","statementMap":{"0":{"start":{"line":2,"column":1},"end":{"line":2,"column":40}},"1":{"start":{"line":2,"column":29},"end":{"line":2,"column":40}},"2":{"start":{"line":3,"column":1},"end":{"line":3,"column":60}},"3":{"start":{"line":7,"column":15},"end":{"line":7,"column":46}},"4":{"start":{"line":8,"column":1},"end":{"line":12,"column":2}},"5":{"start":{"line":9,"column":2},"end":{"line":9,"column":32}},"6":{"start":{"line":11,"column":2},"end":{"line":11,"column":15}},"7":{"start":{"line":13,"column":1},"end":{"line":13,"column":22}},"8":{"start":{"line":14,"column":1},"end":{"line":14,"column":58}}},"fnMap":{"0":{"name":"replaceNumber","decl":{"start":{"line":1,"column":9},"end":{"line":1,"column":22}},"loc":{"start":{"line":1,"column":41},"end":{"line":4,"column":1}},"line":1},"1":{"name":"storeExpressionToHistory","decl":{"start":{"line":6,"column":9},"end":{"line":6,"column":33}},"loc":{"start":{"line":6,"column":42},"end":{"line":15,"column":1}},"line":6}},"branchMap":{"0":{"loc":{"start":{"line":2,"column":1},"end":{"line":2,"column":40}},"type":"if","locations":[{"start":{"line":2,"column":1},"end":{"line":2,"column":40}},{"start":{},"end":{}}],"line":2},"1":{"loc":{"start":{"line":8,"column":1},"end":{"line":12,"column":2}},"type":"if","locations":[{"start":{"line":8,"column":1},"end":{"line":12,"column":2}},{"start":{"line":10,"column":8},"end":{"line":12,"column":2}}],"line":8}},"s":{"0":0,"1":0,"2":0,"3":0,"4":0,"5":0,"6":0,"7":0,"8":0},"f":{"0":0,"1":0},"b":{"0":[0,0],"1":[0,0]},"_coverageSchema":"1a1c01bbd47fc00a2c39e90264f33305004495a9","hash":"c4e0fdd4a634fe661b909028cddcb1fa3af4b8db"}
}
