{"D:\\baitapcode\\test\\myfrontendtest\\Frontend_tests\\components\\Button\\Button.js": {"path":"D:\\baitapcode\\test\\myfrontendtest\\Frontend_tests\\components\\Button\\Button.js","statementMap":{"0":{"start":{"line":3,"column":15},"end":{"line":13,"column":1}},"1":{"start":{"line":4,"column":1},"end":{"line":12,"column":3}}},"fnMap":{"0":{"name":"(anonymous_0)","decl":{"start":{"line":3,"column":15},"end":{"line":3,"column":16}},"loc":{"start":{"line":3,"column":26},"end":{"line":13,"column":1}},"line":3}},"branchMap":{},"s":{"0":2,"1":20},"f":{"0":20},"b":{},"_coverageSchema":"1a1c01bbd47fc00a2c39e90264f33305004495a9","hash":"0947c2288754cce7b0290677d390d8bead03782f"}
,"D:\\baitapcode\\test\\myfrontendtest\\Frontend_tests\\components\\CalculateLine\\CalculateLine.js": {"path":"D:\\baitapcode\\test\\myfrontendtest\\Frontend_tests\\components\\CalculateLine\\CalculateLine.js","statementMap":{"0":{"start":{"line":3,"column":22},"end":{"line":5,"column":1}},"1":{"start":{"line":4,"column":1},"end":{"line":4,"column":60}}},"fnMap":{"0":{"name":"(anonymous_0)","decl":{"start":{"line":3,"column":22},"end":{"line":3,"column":23}},"loc":{"start":{"line":3,"column":33},"end":{"line":5,"column":1}},"line":3}},"branchMap":{},"s":{"0":3,"1":1},"f":{"0":1},"b":{},"_coverageSchema":"1a1c01bbd47fc00a2c39e90264f33305004495a9","hash":"1b456ad60ba9ab4c952ca0d1a17ba50cea46f975"}
,"D:\\baitapcode\\test\\myfrontendtest\\Frontend_tests\\components\\Row\\Row.js": {"path":"D:\\baitapcode\\test\\myfrontendtest\\Frontend_tests\\components\\Row\\Row.js","statementMap":{"0":{"start":{"line":3,"column":12},"end":{"line":5,"column":1}},"1":{"start":{"line":4,"column":1},"end":{"line":4,"column":82}}},"fnMap":{"0":{"name":"(anonymous_0)","decl":{"start":{"line":3,"column":12},"end":{"line":3,"column":13}},"loc":{"start":{"line":3,"column":23},"end":{"line":5,"column":1}},"line":3}},"branchMap":{},"s":{"0":2,"1":6},"f":{"0":6},"b":{},"_coverageSchema":"1a1c01bbd47fc00a2c39e90264f33305004495a9","hash":"33df99a1b8caef0ec57b5554cc6fa8905626d768"}
,"D:\\baitapcode\\test\\myfrontendtest\\Frontend_tests\\context\\rootStoreContext.js": {"path":"D:\\baitapcode\\test\\myfrontendtest\\Frontend_tests\\context\\rootStoreContext.js","statementMap":{"0":{"start":{"line":4,"column":32},"end":{"line":4,"column":56}},"1":{"start":{"line":6,"column":25},"end":{"line":6,"column":59}},"2":{"start":{"line":6,"column":31},"end":{"line":6,"column":59}}},"fnMap":{"0":{"name":"(anonymous_0)","decl":{"start":{"line":6,"column":25},"end":{"line":6,"column":26}},"loc":{"start":{"line":6,"column":31},"end":{"line":6,"column":59}},"line":6}},"branchMap":{},"s":{"0":3,"1":3,"2":5},"f":{"0":5},"b":{},"_coverageSchema":"1a1c01bbd47fc00a2c39e90264f33305004495a9","hash":"74aee33377ebedf30bab283eb16fb1b476b89e11"}
,"D:\\baitapcode\\test\\myfrontendtest\\Frontend_tests\\pages\\Calculator\\Calculator.js": {"path":"D:\\baitapcode\\test\\myfrontendtest\\Frontend_tests\\pages\\Calculator\\Calculator.js","statementMap":{"0":{"start":{"line":13,"column":41},"end":{"line":13,"column":54}},"1":{"start":{"line":14,"column":33},"end":{"line":14,"column":45}},"2":{"start":{"line":15,"column":31},"end":{"line":15,"column":43}},"3":{"start":{"line":16,"column":53},"end":{"line":16,"column":65}},"4":{"start":{"line":18,"column":28},"end":{"line":18,"column":39}},"5":{"start":{"line":19,"column":24},"end":{"line":19,"column":38}},"6":{"start":{"line":22,"column":1},"end":{"line":35,"column":8}},"7":{"start":{"line":23,"column":2},"end":{"line":27,"column":5}},"8":{"start":{"line":24,"column":3},"end":{"line":26,"column":4}},"9":{"start":{"line":25,"column":4},"end":{"line":25,"column":30}},"10":{"start":{"line":28,"column":2},"end":{"line":34,"column":4}},"11":{"start":{"line":29,"column":3},"end":{"line":33,"column":6}},"12":{"start":{"line":30,"column":4},"end":{"line":32,"column":5}},"13":{"start":{"line":31,"column":5},"end":{"line":31,"column":31}},"14":{"start":{"line":38,"column":17},"end":{"line":38,"column":39}},"15":{"start":{"line":40,"column":2},"end":{"line":52,"column":3}},"16":{"start":{"line":41,"column":3},"end":{"line":43,"column":4}},"17":{"start":{"line":42,"column":4},"end":{"line":42,"column":11}},"18":{"start":{"line":45,"column":3},"end":{"line":45,"column":27}},"19":{"start":{"line":47,"column":3},"end":{"line":51,"column":4}},"20":{"start":{"line":48,"column":4},"end":{"line":48,"column":47}},"21":{"start":{"line":50,"column":4},"end":{"line":50,"column":41}},"22":{"start":{"line":54,"column":2},"end":{"line":63,"column":3}},"23":{"start":{"line":55,"column":3},"end":{"line":59,"column":4}},"24":{"start":{"line":56,"column":4},"end":{"line":56,"column":28}},"25":{"start":{"line":58,"column":4},"end":{"line":58,"column":42}},"26":{"start":{"line":61,"column":3},"end":{"line":61,"column":64}},"27":{"start":{"line":62,"column":3},"end":{"line":62,"column":19}},"28":{"start":{"line":65,"column":2},"end":{"line":86,"column":3}},"29":{"start":{"line":66,"column":20},"end":{"line":66,"column":75}},"30":{"start":{"line":68,"column":25},"end":{"line":72,"column":4}},"31":{"start":{"line":73,"column":3},"end":{"line":73,"column":57}},"32":{"start":{"line":74,"column":3},"end":{"line":81,"column":5}},"33":{"start":{"line":82,"column":3},"end":{"line":82,"column":29}},"34":{"start":{"line":83,"column":3},"end":{"line":83,"column":47}},"35":{"start":{"line":84,"column":3},"end":{"line":84,"column":29}},"36":{"start":{"line":85,"column":3},"end":{"line":85,"column":10}},"37":{"start":{"line":90,"column":2},"end":{"line":90,"column":32}},"38":{"start":{"line":91,"column":2},"end":{"line":91,"column":23}},"39":{"start":{"line":92,"column":2},"end":{"line":92,"column":35}},"40":{"start":{"line":93,"column":2},"end":{"line":93,"column":18}},"41":{"start":{"line":97,"column":2},"end":{"line":97,"column":38}},"42":{"start":{"line":101,"column":27},"end":{"line":101,"column":113}},"43":{"start":{"line":103,"column":2},"end":{"line":103,"column":18}},"44":{"start":{"line":105,"column":2},"end":{"line":108,"column":3}},"45":{"start":{"line":106,"column":3},"end":{"line":106,"column":24}},"46":{"start":{"line":107,"column":3},"end":{"line":107,"column":10}},"47":{"start":{"line":110,"column":17},"end":{"line":110,"column":50}},"48":{"start":{"line":112,"column":2},"end":{"line":112,"column":26}},"49":{"start":{"line":113,"column":2},"end":{"line":113,"column":61}},"50":{"start":{"line":114,"column":2},"end":{"line":114,"column":60}},"51":{"start":{"line":118,"column":2},"end":{"line":118,"column":18}},"52":{"start":{"line":119,"column":2},"end":{"line":119,"column":31}},"53":{"start":{"line":122,"column":1},"end":{"line":252,"column":3}},"54":{"start":{"line":134,"column":8},"end":{"line":142,"column":10}},"55":{"start":{"line":140,"column":25},"end":{"line":140,"column":49}}},"fnMap":{"0":{"name":"Calculator","decl":{"start":{"line":12,"column":9},"end":{"line":12,"column":19}},"loc":{"start":{"line":12,"column":22},"end":{"line":253,"column":1}},"line":12},"1":{"name":"(anonymous_1)","decl":{"start":{"line":22,"column":11},"end":{"line":22,"column":12}},"loc":{"start":{"line":22,"column":17},"end":{"line":35,"column":2}},"line":22},"2":{"name":"(anonymous_2)","decl":{"start":{"line":23,"column":41},"end":{"line":23,"column":42}},"loc":{"start":{"line":23,"column":52},"end":{"line":27,"column":3}},"line":23},"3":{"name":"(anonymous_3)","decl":{"start":{"line":28,"column":9},"end":{"line":28,"column":10}},"loc":{"start":{"line":28,"column":15},"end":{"line":34,"column":3}},"line":28},"4":{"name":"(anonymous_4)","decl":{"start":{"line":29,"column":45},"end":{"line":29,"column":46}},"loc":{"start":{"line":29,"column":56},"end":{"line":33,"column":4}},"line":29},"5":{"name":"inputNumber","decl":{"start":{"line":37,"column":10},"end":{"line":37,"column":21}},"loc":{"start":{"line":37,"column":29},"end":{"line":87,"column":2}},"line":37},"6":{"name":"resetToZero","decl":{"start":{"line":89,"column":10},"end":{"line":89,"column":21}},"loc":{"start":{"line":89,"column":29},"end":{"line":94,"column":2}},"line":89},"7":{"name":"operationCalculator","decl":{"start":{"line":96,"column":10},"end":{"line":96,"column":29}},"loc":{"start":{"line":96,"column":37},"end":{"line":98,"column":2}},"line":96},"8":{"name":"calculateExpression","decl":{"start":{"line":100,"column":10},"end":{"line":100,"column":29}},"loc":{"start":{"line":100,"column":32},"end":{"line":115,"column":2}},"line":100},"9":{"name":"handleScreenClick","decl":{"start":{"line":117,"column":10},"end":{"line":117,"column":27}},"loc":{"start":{"line":117,"column":35},"end":{"line":120,"column":2}},"line":117},"10":{"name":"(anonymous_10)","decl":{"start":{"line":133,"column":35},"end":{"line":133,"column":36}},"loc":{"start":{"line":133,"column":54},"end":{"line":143,"column":8}},"line":133},"11":{"name":"(anonymous_11)","decl":{"start":{"line":140,"column":19},"end":{"line":140,"column":20}},"loc":{"start":{"line":140,"column":25},"end":{"line":140,"column":49}},"line":140}},"branchMap":{"0":{"loc":{"start":{"line":24,"column":3},"end":{"line":26,"column":4}},"type":"if","locations":[{"start":{"line":24,"column":3},"end":{"line":26,"column":4}},{"start":{},"end":{}}],"line":24},"1":{"loc":{"start":{"line":30,"column":4},"end":{"line":32,"column":5}},"type":"if","locations":[{"start":{"line":30,"column":4},"end":{"line":32,"column":5}},{"start":{},"end":{}}],"line":30},"2":{"loc":{"start":{"line":40,"column":2},"end":{"line":52,"column":3}},"type":"if","locations":[{"start":{"line":40,"column":2},"end":{"line":52,"column":3}},{"start":{},"end":{}}],"line":40},"3":{"loc":{"start":{"line":41,"column":3},"end":{"line":43,"column":4}},"type":"if","locations":[{"start":{"line":41,"column":3},"end":{"line":43,"column":4}},{"start":{},"end":{}}],"line":41},"4":{"loc":{"start":{"line":47,"column":3},"end":{"line":51,"column":4}},"type":"if","locations":[{"start":{"line":47,"column":3},"end":{"line":51,"column":4}},{"start":{"line":49,"column":10},"end":{"line":51,"column":4}}],"line":47},"5":{"loc":{"start":{"line":47,"column":7},"end":{"line":47,"column":41}},"type":"binary-expr","locations":[{"start":{"line":47,"column":7},"end":{"line":47,"column":23}},{"start":{"line":47,"column":27},"end":{"line":47,"column":41}}],"line":47},"6":{"loc":{"start":{"line":54,"column":2},"end":{"line":63,"column":3}},"type":"if","locations":[{"start":{"line":54,"column":2},"end":{"line":63,"column":3}},{"start":{},"end":{}}],"line":54},"7":{"loc":{"start":{"line":55,"column":3},"end":{"line":59,"column":4}},"type":"if","locations":[{"start":{"line":55,"column":3},"end":{"line":59,"column":4}},{"start":{"line":57,"column":11},"end":{"line":59,"column":4}}],"line":55},"8":{"loc":{"start":{"line":65,"column":2},"end":{"line":86,"column":3}},"type":"if","locations":[{"start":{"line":65,"column":2},"end":{"line":86,"column":3}},{"start":{},"end":{}}],"line":65},"9":{"loc":{"start":{"line":105,"column":2},"end":{"line":108,"column":3}},"type":"if","locations":[{"start":{"line":105,"column":2},"end":{"line":108,"column":3}},{"start":{},"end":{}}],"line":105},"10":{"loc":{"start":{"line":113,"column":31},"end":{"line":113,"column":59}},"type":"cond-expr","locations":[{"start":{"line":113,"column":48},"end":{"line":113,"column":50}},{"start":{"line":113,"column":53},"end":{"line":113,"column":59}}],"line":113}},"s":{"0":2,"1":2,"2":2,"3":2,"4":2,"5":2,"6":2,"7":1,"8":0,"9":0,"10":1,"11":1,"12":0,"13":0,"14":0,"15":0,"16":0,"17":0,"18":0,"19":0,"20":0,"21":0,"22":0,"23":0,"24":0,"25":0,"26":0,"27":0,"28":0,"29":0,"30":0,"31":0,"32":0,"33":0,"34":0,"35":0,"36":0,"37":0,"38":0,"39":0,"40":0,"41":0,"42":0,"43":0,"44":0,"45":0,"46":0,"47":0,"48":0,"49":0,"50":0,"51":0,"52":0,"53":2,"54":2,"55":0},"f":{"0":2,"1":1,"2":0,"3":1,"4":0,"5":0,"6":0,"7":0,"8":0,"9":0,"10":2,"11":0},"b":{"0":[0,0],"1":[0,0],"2":[0,0],"3":[0,0],"4":[0,0],"5":[0,0],"6":[0,0],"7":[0,0],"8":[0,0],"9":[0,0],"10":[0,0]},"_coverageSchema":"1a1c01bbd47fc00a2c39e90264f33305004495a9","hash":"d52a6d9c6636b02715d76f41ef6acfb8de037c77"}
,"D:\\baitapcode\\test\\myfrontendtest\\Frontend_tests\\pages\\History\\History.js": {"path":"D:\\baitapcode\\test\\myfrontendtest\\Frontend_tests\\pages\\History\\History.js","statementMap":{"0":{"start":{"line":5,"column":1},"end":{"line":5,"column":24}}},"fnMap":{"0":{"name":"History","decl":{"start":{"line":4,"column":9},"end":{"line":4,"column":16}},"loc":{"start":{"line":4,"column":19},"end":{"line":6,"column":1}},"line":4}},"branchMap":{},"s":{"0":1},"f":{"0":1},"b":{},"_coverageSchema":"1a1c01bbd47fc00a2c39e90264f33305004495a9","hash":"7aa2d02b493afa29f0de4619b35632bdd15750c8"}
,"D:\\baitapcode\\test\\myfrontendtest\\Frontend_tests\\pages\\History\\ShowHistory\\ShowHistory.js": {"path":"D:\\baitapcode\\test\\myfrontendtest\\Frontend_tests\\pages\\History\\ShowHistory\\ShowHistory.js","statementMap":{"0":{"start":{"line":8,"column":26},"end":{"line":8,"column":37}},"1":{"start":{"line":9,"column":21},"end":{"line":9,"column":33}},"2":{"start":{"line":11,"column":1},"end":{"line":13,"column":8}},"3":{"start":{"line":12,"column":2},"end":{"line":12,"column":32}},"4":{"start":{"line":15,"column":1},"end":{"line":28,"column":3}},"5":{"start":{"line":20,"column":5},"end":{"line":24,"column":7}}},"fnMap":{"0":{"name":"ShowHistory","decl":{"start":{"line":7,"column":9},"end":{"line":7,"column":20}},"loc":{"start":{"line":7,"column":23},"end":{"line":29,"column":1}},"line":7},"1":{"name":"(anonymous_1)","decl":{"start":{"line":11,"column":11},"end":{"line":11,"column":12}},"loc":{"start":{"line":11,"column":17},"end":{"line":13,"column":2}},"line":11},"2":{"name":"(anonymous_2)","decl":{"start":{"line":19,"column":17},"end":{"line":19,"column":18}},"loc":{"start":{"line":19,"column":34},"end":{"line":25,"column":5}},"line":19}},"branchMap":{},"s":{"0":3,"1":3,"2":3,"3":2,"4":3,"5":0},"f":{"0":3,"1":2,"2":0},"b":{},"_coverageSchema":"1a1c01bbd47fc00a2c39e90264f33305004495a9","hash":"f231fe01b4d1c9e72bc614a6f1dfc44b52a922f8"}
,"D:\\baitapcode\\test\\myfrontendtest\\Frontend_tests\\stores\\calculatestore.js": {"path":"D:\\baitapcode\\test\\myfrontendtest\\Frontend_tests\\stores\\calculatestore.js","statementMap":{"0":{"start":{"line":4,"column":17},"end":{"line":4,"column":19}},"1":{"start":{"line":6,"column":8},"end":{"line":9,"column":10}},"2":{"start":{"line":10,"column":8},"end":{"line":10,"column":35}},"3":{"start":{"line":14,"column":8},"end":{"line":14,"column":36}}},"fnMap":{"0":{"name":"(anonymous_0)","decl":{"start":{"line":5,"column":4},"end":{"line":5,"column":5}},"loc":{"start":{"line":5,"column":27},"end":{"line":11,"column":5}},"line":5},"1":{"name":"(anonymous_1)","decl":{"start":{"line":13,"column":4},"end":{"line":13,"column":5}},"loc":{"start":{"line":13,"column":31},"end":{"line":15,"column":5}},"line":13}},"branchMap":{},"s":{"0":3,"1":3,"2":3,"3":0},"f":{"0":3,"1":0},"b":{},"_coverageSchema":"1a1c01bbd47fc00a2c39e90264f33305004495a9","hash":"5339b09fa574b0b12f0fd9395c9b83333717ecaa"}
,"D:\\baitapcode\\test\\myfrontendtest\\Frontend_tests\\stores\\historystore.js": {"path":"D:\\baitapcode\\test\\myfrontendtest\\Frontend_tests\\stores\\historystore.js","statementMap":{"0":{"start":{"line":4,"column":14},"end":{"line":4,"column":16}},"1":{"start":{"line":6,"column":8},"end":{"line":9,"column":10}},"2":{"start":{"line":10,"column":8},"end":{"line":10,"column":35}},"3":{"start":{"line":14,"column":25},"end":{"line":14,"column":56}},"4":{"start":{"line":15,"column":8},"end":{"line":17,"column":9}},"5":{"start":{"line":16,"column":12},"end":{"line":16,"column":46}},"6":{"start":{"line":18,"column":8},"end":{"line":18,"column":33}}},"fnMap":{"0":{"name":"(anonymous_0)","decl":{"start":{"line":5,"column":4},"end":{"line":5,"column":5}},"loc":{"start":{"line":5,"column":27},"end":{"line":11,"column":5}},"line":5},"1":{"name":"(anonymous_1)","decl":{"start":{"line":13,"column":5},"end":{"line":13,"column":6}},"loc":{"start":{"line":13,"column":23},"end":{"line":19,"column":5}},"line":13}},"branchMap":{"0":{"loc":{"start":{"line":15,"column":8},"end":{"line":17,"column":9}},"type":"if","locations":[{"start":{"line":15,"column":8},"end":{"line":17,"column":9}},{"start":{},"end":{}}],"line":15}},"s":{"0":3,"1":3,"2":3,"3":2,"4":2,"5":0,"6":2},"f":{"0":3,"1":2},"b":{"0":[0,2]},"_coverageSchema":"1a1c01bbd47fc00a2c39e90264f33305004495a9","hash":"d96cc3571f3c0477844ccf49e8584b0f6e6f1051"}
,"D:\\baitapcode\\test\\myfrontendtest\\Frontend_tests\\stores\\rootstore.js": {"path":"D:\\baitapcode\\test\\myfrontendtest\\Frontend_tests\\stores\\rootstore.js","statementMap":{"0":{"start":{"line":6,"column":2},"end":{"line":6,"column":44}},"1":{"start":{"line":7,"column":2},"end":{"line":7,"column":48}},"2":{"start":{"line":11,"column":25},"end":{"line":11,"column":40}}},"fnMap":{"0":{"name":"(anonymous_0)","decl":{"start":{"line":5,"column":1},"end":{"line":5,"column":2}},"loc":{"start":{"line":5,"column":15},"end":{"line":8,"column":2}},"line":5}},"branchMap":{},"s":{"0":3,"1":3,"2":3},"f":{"0":3},"b":{},"_coverageSchema":"1a1c01bbd47fc00a2c39e90264f33305004495a9","hash":"1b3db703db7b63ac89c514724fe4a198d1c44650"}
,"D:\\baitapcode\\test\\myfrontendtest\\Frontend_tests\\utils\\utility.js": {"path":"D:\\baitapcode\\test\\myfrontendtest\\Frontend_tests\\utils\\utility.js","statementMap":{"0":{"start":{"line":2,"column":1},"end":{"line":2,"column":40}},"1":{"start":{"line":2,"column":29},"end":{"line":2,"column":40}},"2":{"start":{"line":3,"column":1},"end":{"line":3,"column":60}},"3":{"start":{"line":7,"column":15},"end":{"line":7,"column":46}},"4":{"start":{"line":8,"column":1},"end":{"line":12,"column":2}},"5":{"start":{"line":9,"column":2},"end":{"line":9,"column":32}},"6":{"start":{"line":11,"column":2},"end":{"line":11,"column":15}},"7":{"start":{"line":13,"column":1},"end":{"line":13,"column":22}},"8":{"start":{"line":14,"column":1},"end":{"line":14,"column":58}}},"fnMap":{"0":{"name":"replaceNumber","decl":{"start":{"line":1,"column":9},"end":{"line":1,"column":22}},"loc":{"start":{"line":1,"column":41},"end":{"line":4,"column":1}},"line":1},"1":{"name":"storeExpressionToHistory","decl":{"start":{"line":6,"column":9},"end":{"line":6,"column":33}},"loc":{"start":{"line":6,"column":42},"end":{"line":15,"column":1}},"line":6}},"branchMap":{"0":{"loc":{"start":{"line":2,"column":1},"end":{"line":2,"column":40}},"type":"if","locations":[{"start":{"line":2,"column":1},"end":{"line":2,"column":40}},{"start":{},"end":{}}],"line":2},"1":{"loc":{"start":{"line":8,"column":1},"end":{"line":12,"column":2}},"type":"if","locations":[{"start":{"line":8,"column":1},"end":{"line":12,"column":2}},{"start":{"line":10,"column":8},"end":{"line":12,"column":2}}],"line":8}},"s":{"0":0,"1":0,"2":0,"3":0,"4":0,"5":0,"6":0,"7":0,"8":0},"f":{"0":0,"1":0},"b":{"0":[0,0],"1":[0,0]},"_coverageSchema":"1a1c01bbd47fc00a2c39e90264f33305004495a9","hash":"c4e0fdd4a634fe661b909028cddcb1fa3af4b8db"}
}
