TN:
SF:components\Button\Button.js
FN:3,(anonymous_0)
FNF:1
FNH:1
FNDA:20,(anonymous_0)
DA:3,2
DA:4,20
LF:2
LH:2
BRF:0
BRH:0
end_of_record
TN:
SF:components\CalculateLine\Calculateline.js
FN:3,(anonymous_0)
FNF:1
FNH:1
FNDA:1,(anonymous_0)
DA:3,3
DA:4,1
LF:2
LH:2
BRF:0
BRH:0
end_of_record
TN:
SF:components\Row\Row.js
FN:3,(anonymous_0)
FNF:1
FNH:1
FNDA:6,(anonymous_0)
DA:3,2
DA:4,6
LF:2
LH:2
BRF:0
BRH:0
end_of_record
TN:
SF:pages\Calculator\Calculator.js
FN:10,Calculator
FN:18,(anonymous_1)
FN:19,(anonymous_2)
FN:24,(anonymous_3)
FN:25,(anonymous_4)
FN:33,inputNumber
FN:85,resetToZero
FN:92,operationCalculator
FN:96,calculateExpression
FN:113,handleScreenClick
FN:129,(anonymous_10)
FN:136,(anonymous_11)
FNF:12
FNH:4
FNDA:1,Calculator
FNDA:1,(anonymous_1)
FNDA:0,(anonymous_2)
FNDA:1,(anonymous_3)
FNDA:0,(anonymous_4)
FNDA:0,inputNumber
FNDA:0,resetToZero
FNDA:0,operationCalculator
FNDA:0,calculateExpression
FNDA:0,handleScreenClick
FNDA:1,(anonymous_10)
FNDA:0,(anonymous_11)
DA:11,1
DA:12,1
DA:13,1
DA:14,1
DA:15,1
DA:18,1
DA:19,1
DA:20,0
DA:21,0
DA:24,1
DA:25,1
DA:26,0
DA:27,0
DA:34,0
DA:36,0
DA:37,0
DA:38,0
DA:41,0
DA:43,0
DA:44,0
DA:46,0
DA:50,0
DA:51,0
DA:52,0
DA:54,0
DA:57,0
DA:58,0
DA:61,0
DA:62,0
DA:64,0
DA:69,0
DA:70,0
DA:78,0
DA:79,0
DA:80,0
DA:81,0
DA:86,0
DA:87,0
DA:88,0
DA:89,0
DA:93,0
DA:97,0
DA:99,0
DA:101,0
DA:102,0
DA:103,0
DA:106,0
DA:108,0
DA:109,0
DA:110,0
DA:114,0
DA:115,0
DA:118,1
DA:130,1
DA:136,0
LF:55
LH:11
BRDA:20,0,0,0
BRDA:20,0,1,0
BRDA:26,1,0,0
BRDA:26,1,1,0
BRDA:36,2,0,0
BRDA:36,2,1,0
BRDA:37,3,0,0
BRDA:37,3,1,0
BRDA:43,4,0,0
BRDA:43,4,1,0
BRDA:43,5,0,0
BRDA:43,5,1,0
BRDA:50,6,0,0
BRDA:50,6,1,0
BRDA:51,7,0,0
BRDA:51,7,1,0
BRDA:61,8,0,0
BRDA:61,8,1,0
BRDA:101,9,0,0
BRDA:101,9,1,0
BRDA:109,10,0,0
BRDA:109,10,1,0
BRF:22
BRH:0
end_of_record
TN:
SF:pages\History\History.js
FN:4,History
FNF:1
FNH:1
FNDA:1,History
DA:5,1
LF:1
LH:1
BRF:0
BRH:0
end_of_record
TN:
SF:pages\History\ShowHistory\ShowHistory.js
FN:5,ShowHistory
FN:8,(anonymous_1)
FN:19,(anonymous_2)
FNF:3
FNH:2
FNDA:2,ShowHistory
FNDA:2,(anonymous_1)
FNDA:0,(anonymous_2)
DA:6,2
DA:8,2
DA:9,2
DA:10,2
DA:11,0
DA:15,2
DA:20,0
LF:7
LH:5
BRDA:10,0,0,0
BRDA:10,0,1,2
BRF:2
BRH:1
end_of_record
TN:
SF:utils\utility.js
FN:1,replaceNumber
FN:6,storeExpressionToHistory
FNF:2
FNH:0
FNDA:0,replaceNumber
FNDA:0,storeExpressionToHistory
DA:2,0
DA:3,0
DA:7,0
DA:8,0
DA:9,0
DA:11,0
DA:13,0
DA:14,0
LF:8
LH:0
BRDA:2,0,0,0
BRDA:2,0,1,0
BRDA:8,1,0,0
BRDA:8,1,1,0
BRF:4
BRH:0
end_of_record
